The system is: Linux - 5.17.9-1-default - x86_64
Compiling the C compiler identification source file "CMakeCCompilerId.c" succeeded.
Compiler: /usr/bin/clang 
Build flags: 
Id flags:  

The output was:
0


Compilation of the C compiler identification source "CMakeCCompilerId.c" produced "a.out"

The C compiler identification is Clang, found in "/home/neonimp/src/rthost/cmake-build-debug/CMakeFiles/3.22.3/CompilerIdC/a.out"

Detecting C compiler ABI info compiled with the following output:
Change Dir: /home/neonimp/src/rthost/cmake-build-debug/CMakeFiles/CMakeTmp

Run Build Command(s):/home/neonimp/.local/share/JetBrains/Toolbox/apps/CLion/ch-0/221.5787.29/bin/ninja/linux/ninja cmTC_6c5f4 && [1/2] Building C object CMakeFiles/cmTC_6c5f4.dir/CMakeCCompilerABI.c.o
clang version 14.0.4
Target: x86_64-suse-linux-gnu
Thread model: posix
InstalledDir: /usr/bin
Found candidate GCC installation: /usr/bin/../lib64/gcc/x86_64-suse-linux/12
Selected GCC installation: /usr/bin/../lib64/gcc/x86_64-suse-linux/12
Candidate multilib: .;@m64
Selected multilib: .;@m64
 (in-process)
 "/usr/bin/clang-14.0.4" -cc1 -triple x86_64-suse-linux-gnu -emit-obj -mrelax-all --mrelax-relocations -disable-free -clear-ast-before-backend -disable-llvm-verifier -discard-value-names -main-file-name CMakeCCompilerABI.c -mrelocation-model static -mframe-pointer=all -fmath-errno -ffp-contract=on -fno-rounding-math -mconstructor-aliases -funwind-tables=2 -target-cpu x86-64 -tune-cpu generic -mllvm -treat-scalable-fixed-error-as-warning -debugger-tuning=gdb -v -fcoverage-compilation-dir=/home/neonimp/src/rthost/cmake-build-debug/CMakeFiles/CMakeTmp -resource-dir /usr/lib64/clang/14.0.4 -dependency-file CMakeFiles/cmTC_6c5f4.dir/CMakeCCompilerABI.c.o.d -MT CMakeFiles/cmTC_6c5f4.dir/CMakeCCompilerABI.c.o -sys-header-deps -internal-isystem /usr/lib64/clang/14.0.4/include -internal-isystem /usr/local/include -internal-isystem /usr/bin/../lib64/gcc/x86_64-suse-linux/12/../../../../x86_64-suse-linux/include -internal-externc-isystem /include -internal-externc-isystem /usr/include -fdebug-compilation-dir=/home/neonimp/src/rthost/cmake-build-debug/CMakeFiles/CMakeTmp -ferror-limit 19 -fgnuc-version=4.2.1 -faddrsig -D__GCC_HAVE_DWARF2_CFI_ASM=1 -o CMakeFiles/cmTC_6c5f4.dir/CMakeCCompilerABI.c.o -x c /home/neonimp/.local/share/JetBrains/Toolbox/apps/CLion/ch-0/221.5787.29/bin/cmake/linux/share/cmake-3.22/Modules/CMakeCCompilerABI.c
clang -cc1 version 14.0.4 based upon LLVM 14.0.4 default target x86_64-suse-linux-gnu
ignoring nonexistent directory "/include"
#include "..." search starts here:
#include <...> search starts here:
 /usr/lib64/clang/14.0.4/include
 /usr/local/include
 /usr/bin/../lib64/gcc/x86_64-suse-linux/12/../../../../x86_64-suse-linux/include
 /usr/include
End of search list.
[2/2] Linking C executable cmTC_6c5f4
clang version 14.0.4
Target: x86_64-suse-linux-gnu
Thread model: posix
InstalledDir: /usr/bin
Found candidate GCC installation: /usr/bin/../lib64/gcc/x86_64-suse-linux/12
Selected GCC installation: /usr/bin/../lib64/gcc/x86_64-suse-linux/12
Candidate multilib: .;@m64
Selected multilib: .;@m64
 "/usr/bin/ld" -z relro --hash-style=gnu --hash-style=both --build-id --enable-new-dtags --eh-frame-hdr -m elf_x86_64 -dynamic-linker /lib64/ld-linux-x86-64.so.2 -o cmTC_6c5f4 /usr/bin/../lib64/gcc/x86_64-suse-linux/12/../../../../lib64/crt1.o /usr/bin/../lib64/gcc/x86_64-suse-linux/12/../../../../lib64/crti.o /usr/bin/../lib64/gcc/x86_64-suse-linux/12/crtbegin.o -L/usr/bin/../lib64/gcc/x86_64-suse-linux/12 -L/usr/bin/../lib64/gcc/x86_64-suse-linux/12/../../../../lib64 -L/lib/../lib64 -L/usr/lib/../lib64 -L/usr/bin/../lib64/gcc/x86_64-suse-linux/12/../../../../x86_64-suse-linux/lib -L/lib -L/usr/lib CMakeFiles/cmTC_6c5f4.dir/CMakeCCompilerABI.c.o -lgcc --as-needed -lgcc_s --no-as-needed -lc -lgcc --as-needed -lgcc_s --no-as-needed /usr/bin/../lib64/gcc/x86_64-suse-linux/12/crtend.o /usr/bin/../lib64/gcc/x86_64-suse-linux/12/../../../../lib64/crtn.o



Parsed C implicit include dir info from above output: rv=done
  found start of include info
  found start of implicit include info
    add: [/usr/lib64/clang/14.0.4/include]
    add: [/usr/local/include]
    add: [/usr/bin/../lib64/gcc/x86_64-suse-linux/12/../../../../x86_64-suse-linux/include]
    add: [/usr/include]
  end of search list found
  collapse include dir [/usr/lib64/clang/14.0.4/include] ==> [/usr/lib64/clang/14.0.4/include]
  collapse include dir [/usr/local/include] ==> [/usr/local/include]
  collapse include dir [/usr/bin/../lib64/gcc/x86_64-suse-linux/12/../../../../x86_64-suse-linux/include] ==> [/usr/x86_64-suse-linux/include]
  collapse include dir [/usr/include] ==> [/usr/include]
  implicit include dirs: [/usr/lib64/clang/14.0.4/include;/usr/local/include;/usr/x86_64-suse-linux/include;/usr/include]


Parsed C implicit link information from above output:
  link line regex: [^( *|.*[/\])(ld|CMAKE_LINK_STARTFILE-NOTFOUND|([^/\]+-)?ld|collect2)[^/\]*( |$)]
  ignore line: [Change Dir: /home/neonimp/src/rthost/cmake-build-debug/CMakeFiles/CMakeTmp]
  ignore line: []
  ignore line: [Run Build Command(s):/home/neonimp/.local/share/JetBrains/Toolbox/apps/CLion/ch-0/221.5787.29/bin/ninja/linux/ninja cmTC_6c5f4 && [1/2] Building C object CMakeFiles/cmTC_6c5f4.dir/CMakeCCompilerABI.c.o]
  ignore line: [clang version 14.0.4]
  ignore line: [Target: x86_64-suse-linux-gnu]
  ignore line: [Thread model: posix]
  ignore line: [InstalledDir: /usr/bin]
  ignore line: [Found candidate GCC installation: /usr/bin/../lib64/gcc/x86_64-suse-linux/12]
  ignore line: [Selected GCC installation: /usr/bin/../lib64/gcc/x86_64-suse-linux/12]
  ignore line: [Candidate multilib: .]
  ignore line: [@m64]
  ignore line: [Selected multilib: .]
  ignore line: [@m64]
  ignore line: [ (in-process)]
  ignore line: [ "/usr/bin/clang-14.0.4" -cc1 -triple x86_64-suse-linux-gnu -emit-obj -mrelax-all --mrelax-relocations -disable-free -clear-ast-before-backend -disable-llvm-verifier -discard-value-names -main-file-name CMakeCCompilerABI.c -mrelocation-model static -mframe-pointer=all -fmath-errno -ffp-contract=on -fno-rounding-math -mconstructor-aliases -funwind-tables=2 -target-cpu x86-64 -tune-cpu generic -mllvm -treat-scalable-fixed-error-as-warning -debugger-tuning=gdb -v -fcoverage-compilation-dir=/home/neonimp/src/rthost/cmake-build-debug/CMakeFiles/CMakeTmp -resource-dir /usr/lib64/clang/14.0.4 -dependency-file CMakeFiles/cmTC_6c5f4.dir/CMakeCCompilerABI.c.o.d -MT CMakeFiles/cmTC_6c5f4.dir/CMakeCCompilerABI.c.o -sys-header-deps -internal-isystem /usr/lib64/clang/14.0.4/include -internal-isystem /usr/local/include -internal-isystem /usr/bin/../lib64/gcc/x86_64-suse-linux/12/../../../../x86_64-suse-linux/include -internal-externc-isystem /include -internal-externc-isystem /usr/include -fdebug-compilation-dir=/home/neonimp/src/rthost/cmake-build-debug/CMakeFiles/CMakeTmp -ferror-limit 19 -fgnuc-version=4.2.1 -faddrsig -D__GCC_HAVE_DWARF2_CFI_ASM=1 -o CMakeFiles/cmTC_6c5f4.dir/CMakeCCompilerABI.c.o -x c /home/neonimp/.local/share/JetBrains/Toolbox/apps/CLion/ch-0/221.5787.29/bin/cmake/linux/share/cmake-3.22/Modules/CMakeCCompilerABI.c]
  ignore line: [clang -cc1 version 14.0.4 based upon LLVM 14.0.4 default target x86_64-suse-linux-gnu]
  ignore line: [ignoring nonexistent directory "/include"]
  ignore line: [#include "..." search starts here:]
  ignore line: [#include <...> search starts here:]
  ignore line: [ /usr/lib64/clang/14.0.4/include]
  ignore line: [ /usr/local/include]
  ignore line: [ /usr/bin/../lib64/gcc/x86_64-suse-linux/12/../../../../x86_64-suse-linux/include]
  ignore line: [ /usr/include]
  ignore line: [End of search list.]
  ignore line: [[2/2] Linking C executable cmTC_6c5f4]
  ignore line: [clang version 14.0.4]
  ignore line: [Target: x86_64-suse-linux-gnu]
  ignore line: [Thread model: posix]
  ignore line: [InstalledDir: /usr/bin]
  ignore line: [Found candidate GCC installation: /usr/bin/../lib64/gcc/x86_64-suse-linux/12]
  ignore line: [Selected GCC installation: /usr/bin/../lib64/gcc/x86_64-suse-linux/12]
  ignore line: [Candidate multilib: .]
  ignore line: [@m64]
  ignore line: [Selected multilib: .]
  ignore line: [@m64]
  link line: [ "/usr/bin/ld" -z relro --hash-style=gnu --hash-style=both --build-id --enable-new-dtags --eh-frame-hdr -m elf_x86_64 -dynamic-linker /lib64/ld-linux-x86-64.so.2 -o cmTC_6c5f4 /usr/bin/../lib64/gcc/x86_64-suse-linux/12/../../../../lib64/crt1.o /usr/bin/../lib64/gcc/x86_64-suse-linux/12/../../../../lib64/crti.o /usr/bin/../lib64/gcc/x86_64-suse-linux/12/crtbegin.o -L/usr/bin/../lib64/gcc/x86_64-suse-linux/12 -L/usr/bin/../lib64/gcc/x86_64-suse-linux/12/../../../../lib64 -L/lib/../lib64 -L/usr/lib/../lib64 -L/usr/bin/../lib64/gcc/x86_64-suse-linux/12/../../../../x86_64-suse-linux/lib -L/lib -L/usr/lib CMakeFiles/cmTC_6c5f4.dir/CMakeCCompilerABI.c.o -lgcc --as-needed -lgcc_s --no-as-needed -lc -lgcc --as-needed -lgcc_s --no-as-needed /usr/bin/../lib64/gcc/x86_64-suse-linux/12/crtend.o /usr/bin/../lib64/gcc/x86_64-suse-linux/12/../../../../lib64/crtn.o]
    arg [/usr/bin/ld] ==> ignore
    arg [-zrelro] ==> ignore
    arg [--hash-style=gnu] ==> ignore
    arg [--hash-style=both] ==> ignore
    arg [--build-id] ==> ignore
    arg [--enable-new-dtags] ==> ignore
    arg [--eh-frame-hdr] ==> ignore
    arg [-m] ==> ignore
    arg [elf_x86_64] ==> ignore
    arg [-dynamic-linker] ==> ignore
    arg [/lib64/ld-linux-x86-64.so.2] ==> ignore
    arg [-o] ==> ignore
    arg [cmTC_6c5f4] ==> ignore
    arg [/usr/bin/../lib64/gcc/x86_64-suse-linux/12/../../../../lib64/crt1.o] ==> obj [/usr/bin/../lib64/gcc/x86_64-suse-linux/12/../../../../lib64/crt1.o]
    arg [/usr/bin/../lib64/gcc/x86_64-suse-linux/12/../../../../lib64/crti.o] ==> obj [/usr/bin/../lib64/gcc/x86_64-suse-linux/12/../../../../lib64/crti.o]
    arg [/usr/bin/../lib64/gcc/x86_64-suse-linux/12/crtbegin.o] ==> obj [/usr/bin/../lib64/gcc/x86_64-suse-linux/12/crtbegin.o]
    arg [-L/usr/bin/../lib64/gcc/x86_64-suse-linux/12] ==> dir [/usr/bin/../lib64/gcc/x86_64-suse-linux/12]
    arg [-L/usr/bin/../lib64/gcc/x86_64-suse-linux/12/../../../../lib64] ==> dir [/usr/bin/../lib64/gcc/x86_64-suse-linux/12/../../../../lib64]
    arg [-L/lib/../lib64] ==> dir [/lib/../lib64]
    arg [-L/usr/lib/../lib64] ==> dir [/usr/lib/../lib64]
    arg [-L/usr/bin/../lib64/gcc/x86_64-suse-linux/12/../../../../x86_64-suse-linux/lib] ==> dir [/usr/bin/../lib64/gcc/x86_64-suse-linux/12/../../../../x86_64-suse-linux/lib]
    arg [-L/lib] ==> dir [/lib]
    arg [-L/usr/lib] ==> dir [/usr/lib]
    arg [CMakeFiles/cmTC_6c5f4.dir/CMakeCCompilerABI.c.o] ==> ignore
    arg [-lgcc] ==> lib [gcc]
    arg [--as-needed] ==> ignore
    arg [-lgcc_s] ==> lib [gcc_s]
    arg [--no-as-needed] ==> ignore
    arg [-lc] ==> lib [c]
    arg [-lgcc] ==> lib [gcc]
    arg [--as-needed] ==> ignore
    arg [-lgcc_s] ==> lib [gcc_s]
    arg [--no-as-needed] ==> ignore
    arg [/usr/bin/../lib64/gcc/x86_64-suse-linux/12/crtend.o] ==> obj [/usr/bin/../lib64/gcc/x86_64-suse-linux/12/crtend.o]
    arg [/usr/bin/../lib64/gcc/x86_64-suse-linux/12/../../../../lib64/crtn.o] ==> obj [/usr/bin/../lib64/gcc/x86_64-suse-linux/12/../../../../lib64/crtn.o]
  collapse obj [/usr/bin/../lib64/gcc/x86_64-suse-linux/12/../../../../lib64/crt1.o] ==> [/usr/lib64/crt1.o]
  collapse obj [/usr/bin/../lib64/gcc/x86_64-suse-linux/12/../../../../lib64/crti.o] ==> [/usr/lib64/crti.o]
  collapse obj [/usr/bin/../lib64/gcc/x86_64-suse-linux/12/crtbegin.o] ==> [/usr/lib64/gcc/x86_64-suse-linux/12/crtbegin.o]
  collapse obj [/usr/bin/../lib64/gcc/x86_64-suse-linux/12/crtend.o] ==> [/usr/lib64/gcc/x86_64-suse-linux/12/crtend.o]
  collapse obj [/usr/bin/../lib64/gcc/x86_64-suse-linux/12/../../../../lib64/crtn.o] ==> [/usr/lib64/crtn.o]
  collapse library dir [/usr/bin/../lib64/gcc/x86_64-suse-linux/12] ==> [/usr/lib64/gcc/x86_64-suse-linux/12]
  collapse library dir [/usr/bin/../lib64/gcc/x86_64-suse-linux/12/../../../../lib64] ==> [/usr/lib64]
  collapse library dir [/lib/../lib64] ==> [/lib64]
  collapse library dir [/usr/lib/../lib64] ==> [/usr/lib64]
  collapse library dir [/usr/bin/../lib64/gcc/x86_64-suse-linux/12/../../../../x86_64-suse-linux/lib] ==> [/usr/x86_64-suse-linux/lib]
  collapse library dir [/lib] ==> [/lib]
  collapse library dir [/usr/lib] ==> [/usr/lib]
  implicit libs: [gcc;gcc_s;c;gcc;gcc_s]
  implicit objs: [/usr/lib64/crt1.o;/usr/lib64/crti.o;/usr/lib64/gcc/x86_64-suse-linux/12/crtbegin.o;/usr/lib64/gcc/x86_64-suse-linux/12/crtend.o;/usr/lib64/crtn.o]
  implicit dirs: [/usr/lib64/gcc/x86_64-suse-linux/12;/usr/lib64;/lib64;/usr/x86_64-suse-linux/lib;/lib;/usr/lib]
  implicit fwks: []


